-------------------------------------------------------------------------------
Test set: com.example.random.sequence.generation.service.RandomSequenceGenerationServiceApplicationTests
-------------------------------------------------------------------------------
Tests run: 1, Failures: 0, Errors: 1, Skipped: 0, Time elapsed: 1.353 s <<< FAILURE! - in com.example.random.sequence.generation.service.RandomSequenceGenerationServiceApplicationTests
contextLoads  Time elapsed: 0.001 s  <<< ERROR!
java.lang.IllegalStateException: Failed to load ApplicationContext
Caused by: org.springframework.beans.factory.BeanCreationException: Error creating bean with name 'createWebSocketContainer' defined in class path resource [com/example/random/sequence/generation/service/config/WebSocketConfiguration.class]: Invocation of init method failed; nested exception is java.lang.IllegalStateException: Attribute 'javax.websocket.server.ServerContainer' not found in ServletContext
Caused by: java.lang.IllegalStateException: Attribute 'javax.websocket.server.ServerContainer' not found in ServletContext

